# JRE version: Java(TM) SE Runtime Environment (8.0_112-b15) (build 1.8.0_112-b15)
# Java VM: Java HotSpot(TM) 64-Bit Server VM (25.112-b15 mixed mode windows-amd64 compressed oops)
Heap:
 def new generation   total 55296K, used 167K [0x0000000700000000, 0x0000000703c00000, 0x0000000703c00000)
  eden space 49152K,   0% used [0x0000000700000000, 0x0000000700029e40, 0x0000000703000000)
  from space 6144K,   0% used [0x0000000703000000, 0x0000000703000000, 0x0000000703600000)
  to   space 6144K,   0% used [0x0000000703600000, 0x0000000703600000, 0x0000000703c00000)
 tenured generation   total 132684K, used 79608K [0x0000000703c00000, 0x000000070bd93000, 0x00000007c0000000)
   the space 132684K,  59% used [0x0000000703c00000, 0x00000007089be3e0, 0x00000007089be400, 0x000000070bd93000)
 Metaspace       used 76296K, capacity 76954K, committed 77568K, reserved 1116160K
  class space    used 10866K, capacity 10997K, committed 11008K, reserved 1048576K
GC Heap History (10 events):
Event: 272.311 GC heap before
{Heap before GC invocations=27 (full 8):
 def new generation   total 55296K, used 55296K [0x0000000700000000, 0x0000000703c00000, 0x0000000703c00000)
  eden space 49152K, 100% used [0x0000000700000000, 0x0000000703000000, 0x0000000703000000)
  from space 6144K, 100% used [0x0000000703600000, 0x0000000703c00000, 0x0000000703c00000)
  to   space 6144K,   0% used [0x0000000703000000, 0x0000000703000000, 0x0000000703600000)
 tenured generation   total 81300K, used 55572K [0x0000000703c00000, 0x0000000708b65000, 0x00000007c0000000)
   the space 81300K,  68% used [0x0000000703c00000, 0x00000007072452a0, 0x0000000707245400, 0x0000000708b65000)
 Metaspace       used 69381K, capacity 70020K, committed 70528K, reserved 1110016K
  class space    used 9438K, capacity 9574K, committed 9600K, reserved 1048576K
Event: 272.338 GC heap after
Heap after GC invocations=28 (full 8):
 def new generation   total 55296K, used 4843K [0x0000000700000000, 0x0000000703c00000, 0x0000000703c00000)
  eden space 49152K,   0% used [0x0000000700000000, 0x0000000700000000, 0x0000000703000000)
  from space 6144K,  78% used [0x0000000703000000, 0x00000007034bad50, 0x0000000703600000)
  to   space 6144K,   0% used [0x0000000703600000, 0x0000000703600000, 0x0000000703c00000)
 tenured generation   total 81300K, used 61650K [0x0000000703c00000, 0x0000000708b65000, 0x00000007c0000000)
   the space 81300K,  75% used [0x0000000703c00000, 0x0000000707834a10, 0x0000000707834c00, 0x0000000708b65000)
 Metaspace       used 69381K, capacity 70020K, committed 70528K, reserved 1110016K
  class space    used 9438K, capacity 9574K, committed 9600K, reserved 1048576K
}
Event: 274.575 GC heap before
{Heap before GC invocations=28 (full 8):
 def new generation   total 55296K, used 53995K [0x0000000700000000, 0x0000000703c00000, 0x0000000703c00000)
  eden space 49152K, 100% used [0x0000000700000000, 0x0000000703000000, 0x0000000703000000)
  from space 6144K,  78% used [0x0000000703000000, 0x00000007034bad50, 0x0000000703600000)
  to   space 6144K,   0% used [0x0000000703600000, 0x0000000703600000, 0x0000000703c00000)
 tenured generation   total 81300K, used 61650K [0x0000000703c00000, 0x0000000708b65000, 0x00000007c0000000)
   the space 81300K,  75% used [0x0000000703c00000, 0x0000000707834a10, 0x0000000707834c00, 0x0000000708b65000)
 Metaspace       used 71281K, capacity 71914K, committed 72576K, reserved 1112064K
  class space    used 9915K, capacity 10055K, committed 10112K, reserved 1048576K
Event: 274.600 GC heap after
Heap after GC invocations=29 (full 8):
 def new generation   total 55296K, used 4531K [0x0000000700000000, 0x0000000703c00000, 0x0000000703c00000)
  eden space 49152K,   0% used [0x0000000700000000, 0x0000000700000000, 0x0000000703000000)
  from space 6144K,  73% used [0x0000000703600000, 0x0000000703a6cd00, 0x0000000703c00000)
  to   space 6144K,   0% used [0x0000000703000000, 0x0000000703000000, 0x0000000703600000)
 tenured generation   total 81300K, used 66435K [0x0000000703c00000, 0x0000000708b65000, 0x00000007c0000000)
   the space 81300K,  81% used [0x0000000703c00000, 0x0000000707ce0ed0, 0x0000000707ce1000, 0x0000000708b65000)
 Metaspace       used 71281K, capacity 71914K, committed 72576K, reserved 1112064K
  class space    used 9915K, capacity 10055K, committed 10112K, reserved 1048576K
}
Event: 280.102 GC heap before
{Heap before GC invocations=29 (full 8):
 def new generation   total 55296K, used 53683K [0x0000000700000000, 0x0000000703c00000, 0x0000000703c00000)
  eden space 49152K, 100% used [0x0000000700000000, 0x0000000703000000, 0x0000000703000000)
  from space 6144K,  73% used [0x0000000703600000, 0x0000000703a6cd00, 0x0000000703c00000)
  to   space 6144K,   0% used [0x0000000703000000, 0x0000000703000000, 0x0000000703600000)
 tenured generation   total 81300K, used 66435K [0x0000000703c00000, 0x0000000708b65000, 0x00000007c0000000)
   the space 81300K,  81% used [0x0000000703c00000, 0x0000000707ce0ed0, 0x0000000707ce1000, 0x0000000708b65000)
 Metaspace       used 73661K, capacity 74300K, committed 75008K, reserved 1114112K
  class space    used 10543K, capacity 10698K, committed 10752K, reserved 1048576K
Event: 280.132 GC heap after
Heap after GC invocations=30 (full 8):
 def new generation   total 55296K, used 5190K [0x0000000700000000, 0x0000000703c00000, 0x0000000703c00000)
  eden space 49152K,   0% used [0x0000000700000000, 0x0000000700000000, 0x0000000703000000)
  from space 6144K,  84% used [0x0000000703000000, 0x0000000703511a58, 0x0000000703600000)
  to   space 6144K,   0% used [0x0000000703600000, 0x0000000703600000, 0x0000000703c00000)
 tenured generation   total 81300K, used 69867K [0x0000000703c00000, 0x0000000708b65000, 0x00000007c0000000)
   the space 81300K,  85% used [0x0000000703c00000, 0x000000070803ade0, 0x000000070803ae00, 0x0000000708b65000)
 Metaspace       used 73661K, capacity 74300K, committed 75008K, reserved 1114112K
  class space    used 10543K, capacity 10698K, committed 10752K, reserved 1048576K
}
Event: 282.616 GC heap before
{Heap before GC invocations=30 (full 8):
 def new generation   total 55296K, used 37993K [0x0000000700000000, 0x0000000703c00000, 0x0000000703c00000)
  eden space 49152K,  66% used [0x0000000700000000, 0x0000000702008d88, 0x0000000703000000)
  from space 6144K,  84% used [0x0000000703000000, 0x0000000703511a58, 0x0000000703600000)
  to   space 6144K,   0% used [0x0000000703600000, 0x0000000703600000, 0x0000000703c00000)
 tenured generation   total 81300K, used 69867K [0x0000000703c00000, 0x0000000708b65000, 0x00000007c0000000)
   the space 81300K,  85% used [0x0000000703c00000, 0x000000070803ade0, 0x000000070803ae00, 0x0000000708b65000)
 Metaspace       used 75263K, capacity 75926K, committed 76672K, reserved 1116160K
  class space    used 10706K, capacity 10831K, committed 10880K, reserved 1048576K
Event: 282.864 GC heap after
Heap after GC invocations=31 (full 9):
 def new generation   total 55296K, used 0K [0x0000000700000000, 0x0000000703c00000, 0x0000000703c00000)
  eden space 49152K,   0% used [0x0000000700000000, 0x0000000700000000, 0x0000000703000000)
  from space 6144K,   0% used [0x0000000703000000, 0x0000000703000000, 0x0000000703600000)
  to   space 6144K,   0% used [0x0000000703600000, 0x0000000703600000, 0x0000000703c00000)
 tenured generation   total 128828K, used 77295K [0x0000000703c00000, 0x000000070b9cf000, 0x00000007c0000000)
   the space 128828K,  59% used [0x0000000703c00000, 0x000000070877bf90, 0x000000070877c000, 0x000000070b9cf000)
 Metaspace       used 75263K, capacity 75926K, committed 76672K, reserved 1116160K
  class space    used 10706K, capacity 10831K, committed 10880K, reserved 1048576K
}
Event: 298.822 GC heap before
{Heap before GC invocations=31 (full 9):
 def new generation   total 55296K, used 38761K [0x0000000700000000, 0x0000000703c00000, 0x0000000703c00000)
  eden space 49152K,  78% used [0x0000000700000000, 0x00000007025da508, 0x0000000703000000)
  from space 6144K,   0% used [0x0000000703000000, 0x0000000703000000, 0x0000000703600000)
  to   space 6144K,   0% used [0x0000000703600000, 0x0000000703600000, 0x0000000703c00000)
 tenured generation   total 128828K, used 77295K [0x0000000703c00000, 0x000000070b9cf000, 0x00000007c0000000)
   the space 128828K,  59% used [0x0000000703c00000, 0x000000070877bf90, 0x000000070877c000, 0x000000070b9cf000)
 Metaspace       used 76296K, capacity 76954K, committed 77568K, reserved 1116160K
  class space    used 10866K, capacity 10997K, committed 11008K, reserved 1048576K
Event: 299.051 GC heap after
Heap after GC invocations=32 (full 10):
 def new generation   total 55296K, used 0K [0x0000000700000000, 0x0000000703c00000, 0x0000000703c00000)
  eden space 49152K,   0% used [0x0000000700000000, 0x0000000700000000, 0x0000000703000000)
  from space 6144K,   0% used [0x0000000703000000, 0x0000000703000000, 0x0000000703600000)
  to   space 6144K,   0% used [0x0000000703600000, 0x0000000703600000, 0x0000000703c00000)
 tenured generation   total 132684K, used 79608K [0x0000000703c00000, 0x000000070bd93000, 0x00000007c0000000)
   the space 132684K,  59% used [0x0000000703c00000, 0x00000007089be3e0, 0x00000007089be400, 0x000000070bd93000)
 Metaspace       used 76296K, capacity 76954K, committed 77568K, reserved 1116160K
  class space    used 10866K, capacity 10997K, committed 11008K, reserved 1048576K
}

